<?xml version="1.0" encoding="UTF-8"?>
<!-- Generated by org.testng.reporters.JUnitReportReporter -->
<testsuite hostname="IN-17LRXM3" failures="0" tests="2" name="tests.TestClass" time="1.911" errors="0" timestamp="2024-05-08T12:33:14 IST" skipped="0">
  <testcase classname="tests.TestClass" name="test_1" time="1.336"/>
  <system-out/>
  <testcase classname="tests.TestClass" name="test_2" time="0.575"/>
  <system-out/>
</testsuite> <!-- tests.TestClass -->
