<?xml version="1.0" encoding="UTF-8"?>
<!-- Generated by org.testng.reporters.JUnitReportReporter -->
<testsuite hostname="IN-17LRXM3" failures="0" tests="1" name="tests.GetAndPostExamples" time="1.892" errors="0" timestamp="2024-05-09T12:51:48 IST" skipped="0">
  <testcase classname="tests.GetAndPostExamples" name="testGet" time="1.892"/>
  <system-out/>
</testsuite> <!-- tests.GetAndPostExamples -->
