<?xml version="1.0" encoding="UTF-8"?>
<!-- Generated by org.testng.reporters.JUnitReportReporter -->
<testsuite hostname="IN-17LRXM3" failures="0" tests="2" name="tests.TestClass" time="2.310" errors="0" timestamp="2024-05-15T13:25:38 IST" skipped="0">
  <testcase classname="tests.TestClass" name="test_2" time="0.788"/>
  <system-out/>
  <testcase classname="tests.TestClass" name="test_1" time="1.522"/>
  <system-out/>
</testsuite> <!-- tests.TestClass -->
